2023-06-22 13:33:23,153 INFO o.a.j.u.JMeterUtils: Setting Locale to en_EN
2023-06-22 13:33:23,168 INFO o.a.j.JMeter: Loading user properties from: C:\Program Files\apache-jmeter-5.5\bin\user.properties
2023-06-22 13:33:23,168 INFO o.a.j.JMeter: Loading system properties from: C:\Program Files\apache-jmeter-5.5\bin\system.properties
2023-06-22 13:33:23,168 INFO o.a.j.JMeter: Copyright (c) 1998-2022 The Apache Software Foundation
2023-06-22 13:33:23,168 INFO o.a.j.JMeter: Version 5.5
2023-06-22 13:33:23,168 INFO o.a.j.JMeter: java.version=1.8.0_371
2023-06-22 13:33:23,168 INFO o.a.j.JMeter: java.vm.name=Java HotSpot(TM) Client VM
2023-06-22 13:33:23,168 INFO o.a.j.JMeter: os.name=Windows 11
2023-06-22 13:33:23,168 INFO o.a.j.JMeter: os.arch=x86
2023-06-22 13:33:23,168 INFO o.a.j.JMeter: os.version=10.0
2023-06-22 13:33:23,168 INFO o.a.j.JMeter: file.encoding=Cp1252
2023-06-22 13:33:23,168 INFO o.a.j.JMeter: java.awt.headless=true
2023-06-22 13:33:23,168 INFO o.a.j.JMeter: Max memory     =1073741824
2023-06-22 13:33:23,168 INFO o.a.j.JMeter: Available Processors =12
2023-06-22 13:33:23,168 INFO o.a.j.JMeter: Default Locale=English (EN)
2023-06-22 13:33:23,168 INFO o.a.j.JMeter: JMeter  Locale=English (EN)
2023-06-22 13:33:23,168 INFO o.a.j.JMeter: JMeterHome=C:\Program Files\apache-jmeter-5.5
2023-06-22 13:33:23,168 INFO o.a.j.JMeter: user.dir  =C:\Users\Holacons\source\VuelingQA\jMeter\pokemonApi
2023-06-22 13:33:23,168 INFO o.a.j.JMeter: PWD       =C:\Users\Holacons\source\VuelingQA\jMeter\pokemonApi
2023-06-22 13:33:23,168 INFO o.a.j.JMeter: IP: 10.168.146.2 Name: anahiP-SBT6U05 FullName: anahiP-SBT6U05
2023-06-22 13:33:23,184 INFO o.a.j.JMeter: Setting property 'jmeter.reportgenerator.outputdir' to:'C:\Users\Holacons\source\VuelingQA\jMeter\pokemonApi\HTML'
2023-06-22 13:33:23,184 INFO o.a.j.r.d.ReportGenerator: ReportGenerator will use for Parsing the separator: ','
2023-06-22 13:33:23,184 INFO o.a.j.r.d.ReportGenerator: Will only generate report from results file: C:\Users\Holacons\source\VuelingQA\jMeter\pokemonApi\Results.csv
2023-06-22 13:33:23,184 INFO o.a.j.r.d.ReportGenerator: Reading report generator properties from: C:\Program Files\apache-jmeter-5.5\bin\reportgenerator.properties
2023-06-22 13:33:23,206 INFO o.a.j.r.d.ReportGenerator: Merging with JMeter properties
2023-06-22 13:33:23,206 INFO o.a.j.r.c.ReportGeneratorConfiguration: Property 'jmeter.reportgenerator.temp_dir' not found, using default value 'temp' instead.
2023-06-22 13:33:23,216 INFO o.a.j.r.c.ReportGeneratorConfiguration: Property 'jmeter.reportgenerator.apdex_per_transaction' not found, using default value 'null' instead.
2023-06-22 13:33:23,216 INFO o.a.j.r.c.ReportGeneratorConfiguration: apdex_per_transaction is empty, not APDEX per transaction customization
2023-06-22 13:33:23,216 INFO o.a.j.r.c.ReportGeneratorConfiguration: Property 'jmeter.reportgenerator.sample_filter' not found, using default value 'null' instead.
2023-06-22 13:33:23,216 INFO o.a.j.r.c.ReportGeneratorConfiguration: Property 'jmeter.reportgenerator.report_title' not found, using default value 'null' instead.
2023-06-22 13:33:23,216 INFO o.a.j.r.c.ReportGeneratorConfiguration: Property 'jmeter.reportgenerator.start_date' not found, using default value 'null' instead.
2023-06-22 13:33:23,216 INFO o.a.j.r.c.ReportGeneratorConfiguration: Property 'jmeter.reportgenerator.end_date' not found, using default value 'null' instead.
2023-06-22 13:33:23,216 INFO o.a.j.r.c.ReportGeneratorConfiguration: Property 'jmeter.reportgenerator.date_format' not found, using default value 'null' instead.
2023-06-22 13:33:23,216 INFO o.a.j.r.c.ReportGeneratorConfiguration: Will use date range start date: null, end date: null
2023-06-22 13:33:23,216 INFO o.a.j.r.c.ReportGeneratorConfiguration: Property 'jmeter.reportgenerator.graph.totalTPS.exclude_controllers' not found, using default value 'false' instead.
2023-06-22 13:33:23,216 INFO o.a.j.r.c.ReportGeneratorConfiguration: Property 'jmeter.reportgenerator.graph.activeThreadsOverTime.exclude_controllers' not found, using default value 'false' instead.
2023-06-22 13:33:23,216 INFO o.a.j.r.c.ReportGeneratorConfiguration: Property 'jmeter.reportgenerator.graph.timeVsThreads.exclude_controllers' not found, using default value 'false' instead.
2023-06-22 13:33:23,216 INFO o.a.j.r.c.ReportGeneratorConfiguration: Property 'jmeter.reportgenerator.graph.responseTimeDistribution.exclude_controllers' not found, using default value 'false' instead.
2023-06-22 13:33:23,216 INFO o.a.j.r.c.ReportGeneratorConfiguration: Property 'jmeter.reportgenerator.graph.transactionsPerSecond.exclude_controllers' not found, using default value 'false' instead.
2023-06-22 13:33:23,216 INFO o.a.j.r.c.ReportGeneratorConfiguration: Property 'jmeter.reportgenerator.graph.responseTimePercentiles.exclude_controllers' not found, using default value 'false' instead.
2023-06-22 13:33:23,216 INFO o.a.j.r.c.ReportGeneratorConfiguration: Property 'jmeter.reportgenerator.graph.responseTimePercentilesOverTime.exclude_controllers' not found, using default value 'false' instead.
2023-06-22 13:33:23,216 INFO o.a.j.r.c.ReportGeneratorConfiguration: Property 'jmeter.reportgenerator.graph.responseTimesOverTime.exclude_controllers' not found, using default value 'false' instead.
2023-06-22 13:33:23,216 INFO o.a.j.r.c.ReportGeneratorConfiguration: Property 'jmeter.reportgenerator.graph.connectTimeOverTime.exclude_controllers' not found, using default value 'false' instead.
2023-06-22 13:33:23,216 INFO o.a.j.r.c.ReportGeneratorConfiguration: Property 'jmeter.reportgenerator.graph.latenciesOverTime.exclude_controllers' not found, using default value 'false' instead.
2023-06-22 13:33:23,216 INFO o.a.j.r.c.ReportGeneratorConfiguration: Property 'jmeter.reportgenerator.exporter.json.filters_only_sample_series' not found, using default value 'true' instead.
2023-06-22 13:33:23,216 INFO o.a.j.r.c.ReportGeneratorConfiguration: Property 'jmeter.reportgenerator.exporter.json.series_filter' not found, using default value '' instead.
2023-06-22 13:33:23,216 INFO o.a.j.r.c.ReportGeneratorConfiguration: Property 'jmeter.reportgenerator.exporter.json.show_controllers_only' not found, using default value 'false' instead.
2023-06-22 13:33:23,216 INFO o.a.j.r.c.ReportGeneratorConfiguration: Property 'jmeter.reportgenerator.exporter.html.filters_only_sample_series' not found, using default value 'true' instead.
2023-06-22 13:33:23,216 INFO o.a.j.r.c.ReportGeneratorConfiguration: Property 'jmeter.reportgenerator.exporter.html.series_filter' not found, using default value '' instead.
2023-06-22 13:33:23,216 INFO o.a.j.r.c.ReportGeneratorConfiguration: Property 'jmeter.reportgenerator.exporter.html.show_controllers_only' not found, using default value 'false' instead.
2023-06-22 13:33:23,296 INFO o.a.j.s.SaveService: Testplan (JMX) version: 2.2. Testlog (JTL) version: 2.2
2023-06-22 13:33:23,312 INFO o.a.j.s.SaveService: Using SaveService properties file encoding UTF-8
2023-06-22 13:33:23,312 INFO o.a.j.s.SaveService: Using SaveService properties version 5.0
2023-06-22 13:33:23,344 INFO o.a.j.r.p.NormalizerSampleConsumer: Using format, 'ms', to parse timeStamp field
2023-06-22 13:33:23,851 INFO o.a.j.r.p.AbstractSampleConsumer: class org.apache.jmeter.report.processor.AggregateConsumer#stopProducing(): beginDate produced 0 samples
2023-06-22 13:33:23,851 INFO o.a.j.r.p.AbstractSampleConsumer: class org.apache.jmeter.report.processor.AggregateConsumer#stopProducing(): endDate produced 0 samples
2023-06-22 13:33:23,853 INFO o.a.j.r.p.AbstractSampleConsumer: class org.apache.jmeter.report.processor.ApdexSummaryConsumer#stopProducing(): apdexSummary produced 0 samples
2023-06-22 13:33:23,853 INFO o.a.j.r.p.AbstractSampleConsumer: class org.apache.jmeter.report.processor.RequestsSummaryConsumer#stopProducing(): requestsSummary produced 0 samples
2023-06-22 13:33:23,857 INFO o.a.j.r.p.AbstractSampleConsumer: class org.apache.jmeter.report.processor.StatisticsSummaryConsumer#stopProducing(): statisticsSummary produced 0 samples
2023-06-22 13:33:23,861 INFO o.a.j.r.p.AbstractSampleConsumer: class org.apache.jmeter.report.processor.Top5ErrorsBySamplerConsumer#stopProducing(): top5ErrorsBySampler produced 0 samples
2023-06-22 13:33:23,861 INFO o.a.j.r.p.AbstractSampleConsumer: class org.apache.jmeter.report.processor.ErrorsSummaryConsumer#stopProducing(): errorsSummary produced 0 samples
2023-06-22 13:33:23,861 INFO o.a.j.r.p.AbstractSampleConsumer: class org.apache.jmeter.report.processor.graph.impl.HitsPerSecondGraphConsumer#stopProducing(): hitsPerSecond produced 0 samples
2023-06-22 13:33:23,900 INFO o.a.j.r.p.AbstractSampleConsumer: class org.apache.jmeter.report.processor.graph.impl.LatencyVSRequestGraphConsumer#stopProducing(): latencyVsRequest produced 0 samples
2023-06-22 13:33:23,901 INFO o.a.j.r.p.AbstractSampleConsumer: class org.apache.jmeter.report.processor.graph.impl.SyntheticResponseTimeDistributionGraphConsumer#stopProducing(): syntheticResponseTimeDistribution produced 0 samples
2023-06-22 13:33:23,901 INFO o.a.j.r.p.AbstractSampleConsumer: class org.apache.jmeter.report.processor.graph.impl.BytesThroughputGraphConsumer#stopProducing(): bytesThroughputOverTime produced 0 samples
2023-06-22 13:33:23,901 INFO o.a.j.r.p.AbstractSampleConsumer: class org.apache.jmeter.report.processor.graph.impl.CodesPerSecondGraphConsumer#stopProducing(): codesPerSecond produced 0 samples
2023-06-22 13:33:23,932 INFO o.a.j.r.p.AbstractSampleConsumer: class org.apache.jmeter.report.processor.graph.impl.ResponseTimeVSRequestGraphConsumer#stopProducing(): responseTimeVsRequest produced 0 samples
2023-06-22 13:33:23,932 INFO o.a.j.r.p.AbstractSampleConsumer: class org.apache.jmeter.report.processor.FilterConsumer#stopProducing(): startIntervalControlerFilter produced 13153 samples
2023-06-22 13:33:23,932 INFO o.a.j.r.p.AbstractSampleConsumer: class org.apache.jmeter.report.processor.graph.impl.TotalTPSGraphConsumer#stopProducing(): totalTPS produced 0 samples
2023-06-22 13:33:23,933 INFO o.a.j.r.p.AbstractSampleConsumer: class org.apache.jmeter.report.processor.graph.impl.ActiveThreadsGraphConsumer#stopProducing(): activeThreadsOverTime produced 0 samples
2023-06-22 13:33:23,933 INFO o.a.j.r.p.AbstractSampleConsumer: class org.apache.jmeter.report.processor.graph.impl.TimeVSThreadGraphConsumer#stopProducing(): timeVsThreads produced 0 samples
2023-06-22 13:33:23,933 INFO o.a.j.r.p.AbstractSampleConsumer: class org.apache.jmeter.report.processor.graph.impl.ResponseTimeDistributionGraphConsumer#stopProducing(): responseTimeDistribution produced 0 samples
2023-06-22 13:33:23,933 INFO o.a.j.r.p.AbstractSampleConsumer: class org.apache.jmeter.report.processor.graph.impl.TransactionsPerSecondGraphConsumer#stopProducing(): transactionsPerSecond produced 0 samples
2023-06-22 13:33:23,934 INFO o.a.j.r.p.AbstractSampleConsumer: class org.apache.jmeter.report.processor.graph.impl.ResponseTimePercentilesGraphConsumer#stopProducing(): responseTimePercentiles produced 0 samples
2023-06-22 13:33:23,937 INFO o.a.j.r.p.AbstractSampleConsumer: class org.apache.jmeter.report.processor.graph.impl.ResponseTimePercentilesOverTimeGraphConsumer#stopProducing(): responseTimePercentilesOverTime produced 0 samples
2023-06-22 13:33:23,938 INFO o.a.j.r.p.AbstractSampleConsumer: class org.apache.jmeter.report.processor.graph.impl.ResponseTimeOverTimeGraphConsumer#stopProducing(): responseTimesOverTime produced 0 samples
2023-06-22 13:33:23,938 INFO o.a.j.r.p.AbstractSampleConsumer: class org.apache.jmeter.report.processor.graph.impl.ConnectTimeOverTimeGraphConsumer#stopProducing(): connectTimeOverTime produced 0 samples
2023-06-22 13:33:23,938 INFO o.a.j.r.p.AbstractSampleConsumer: class org.apache.jmeter.report.processor.graph.impl.LatencyOverTimeGraphConsumer#stopProducing(): latenciesOverTime produced 0 samples
2023-06-22 13:33:23,938 INFO o.a.j.r.p.AbstractSampleConsumer: class org.apache.jmeter.report.processor.FilterConsumer#stopProducing(): nameFilter produced 28185 samples
2023-06-22 13:33:23,938 INFO o.a.j.r.p.AbstractSampleConsumer: class org.apache.jmeter.report.processor.FilterConsumer#stopProducing(): dateRangeFilter produced 5637 samples
2023-06-22 13:33:23,938 INFO o.a.j.r.p.AbstractSampleConsumer: class org.apache.jmeter.report.processor.NormalizerSampleConsumer#stopProducing(): normalizer produced 1879 samples
2023-06-22 13:33:23,939 INFO o.a.j.r.p.CsvFileSampleSource: produce(): 1879 samples produced in 579ms on channel 0
2023-06-22 13:33:23,939 INFO o.a.j.r.d.ReportGenerator: Exporting data using exporter:'json' of className:'org.apache.jmeter.report.dashboard.JsonExporter'
2023-06-22 13:33:24,049 INFO o.a.j.r.d.JsonExporter: Found data for consumer statisticsSummary in context
2023-06-22 13:33:24,049 INFO o.a.j.r.d.JsonExporter: Creating statistics for overall
2023-06-22 13:33:24,050 INFO o.a.j.r.d.JsonExporter: Creating statistics for other transactions
2023-06-22 13:33:24,050 INFO o.a.j.r.d.JsonExporter: Checking output folder
2023-06-22 13:33:24,050 INFO o.a.j.r.d.JsonExporter: Writing statistics JSON to C:\Users\Holacons\source\VuelingQA\jMeter\pokemonApi\HTML\statistics.json
2023-06-22 13:33:24,095 INFO o.a.j.r.d.ReportGenerator: Exporting data using exporter:'html' of className:'org.apache.jmeter.report.dashboard.HtmlTemplateExporter'
2023-06-22 13:33:24,097 INFO o.a.j.r.d.HtmlTemplateExporter: Will generate dashboard in folder: C:\Users\Holacons\source\VuelingQA\jMeter\pokemonApi\HTML
2023-06-22 13:33:24,194 INFO o.a.j.r.d.HtmlTemplateExporter: Report will be generated in: C:\Users\Holacons\source\VuelingQA\jMeter\pokemonApi\HTML, creating folder structure
2023-06-22 13:33:24,196 INFO o.a.j.r.d.TemplateVisitor: Copying folder from 'C:\Program Files\apache-jmeter-5.5\bin\report-template' to 'C:\Users\Holacons\source\VuelingQA\jMeter\pokemonApi\HTML', got message: C:\Users\Holacons\source\VuelingQA\jMeter\pokemonApi\HTML, found non empty folder with following content [C:\Users\Holacons\source\VuelingQA\jMeter\pokemonApi\HTML\statistics.json], will be ignored
