2023-06-22 13:32:49,457 INFO o.a.j.u.JMeterUtils: Setting Locale to en_EN
2023-06-22 13:32:49,464 INFO o.a.j.JMeter: Loading user properties from: C:\Users\Holacons\.bzt\jmeter-taurus\5.4.3\bin\user.properties
2023-06-22 13:32:49,464 INFO o.a.j.JMeter: Loading system properties from: C:\Users\Holacons\.bzt\jmeter-taurus\5.4.3\bin\system.properties
2023-06-22 13:32:49,464 INFO o.a.j.JMeter: Loading additional properties from: C:\Users\Holacons\source\VuelingQA\jMeter\pokemonApi\artifacts_tmp\jmeter-bzt.properties
2023-06-22 13:32:49,469 INFO o.a.j.JMeter: Copyright (c) 1998-2021 The Apache Software Foundation
2023-06-22 13:32:49,469 INFO o.a.j.JMeter: Version 5.4.3
2023-06-22 13:32:49,469 INFO o.a.j.JMeter: java.version=1.8.0_371
2023-06-22 13:32:49,470 INFO o.a.j.JMeter: java.vm.name=Java HotSpot(TM) Client VM
2023-06-22 13:32:49,470 INFO o.a.j.JMeter: os.name=Windows 11
2023-06-22 13:32:49,470 INFO o.a.j.JMeter: os.arch=x86
2023-06-22 13:32:49,470 INFO o.a.j.JMeter: os.version=10.0
2023-06-22 13:32:49,470 INFO o.a.j.JMeter: file.encoding=Cp1252
2023-06-22 13:32:49,470 INFO o.a.j.JMeter: java.awt.headless=true
2023-06-22 13:32:49,470 INFO o.a.j.JMeter: Max memory     =1073741824
2023-06-22 13:32:49,470 INFO o.a.j.JMeter: Available Processors =12
2023-06-22 13:32:49,472 INFO o.a.j.JMeter: Default Locale=English (EN)
2023-06-22 13:32:49,472 INFO o.a.j.JMeter: JMeter  Locale=English (EN)
2023-06-22 13:32:49,472 INFO o.a.j.JMeter: JMeterHome=C:\Users\Holacons\.bzt\jmeter-taurus\5.4.3
2023-06-22 13:32:49,472 INFO o.a.j.JMeter: user.dir  =C:\Users\Holacons\source\VuelingQA\jMeter\pokemonApi
2023-06-22 13:32:49,472 INFO o.a.j.JMeter: PWD       =C:\Users\Holacons\source\VuelingQA\jMeter\pokemonApi
2023-06-22 13:32:49,475 INFO o.a.j.JMeter: IP: 10.168.146.2 Name: anahiP-SBT6U05 FullName: anahiP-SBT6U05
2023-06-22 13:32:49,475 INFO o.a.j.JMeter: user.classpath=C:/Users/Holacons/source/VuelingQA/jMeter/pokemonApi/artifacts_tmp;C:/Users/Holacons/source/VuelingQA/jMeter/pokemonApi
2023-06-22 13:32:49,475 INFO o.a.j.JMeter: Adding to classpath and loader: C:/Users/Holacons/source/VuelingQA/jMeter/pokemonApi/artifacts_tmp
2023-06-22 13:32:49,476 INFO o.a.j.JMeter: Adding to classpath and loader: C:/Users/Holacons/source/VuelingQA/jMeter/pokemonApi
2023-06-22 13:32:49,479 INFO o.a.j.s.FileServer: Default base='C:\Users\Holacons\source\VuelingQA\jMeter\pokemonApi'
2023-06-22 13:32:49,480 INFO o.a.j.s.FileServer: Set new base='C:\Users\Holacons\source\VuelingQA\jMeter\pokemonApi'
2023-06-22 13:32:49,562 INFO o.a.j.s.SaveService: Testplan (JMX) version: 2.2. Testlog (JTL) version: 2.2
2023-06-22 13:32:49,578 INFO o.a.j.s.SaveService: Using SaveService properties file encoding UTF-8
2023-06-22 13:32:49,581 INFO o.a.j.s.SaveService: Using SaveService properties version 5.0
2023-06-22 13:32:49,585 INFO o.a.j.s.SaveService: Loading file: C:\Users\Holacons\source\VuelingQA\jMeter\pokemonApi\modified_PokemonApi.jmx
2023-06-22 13:32:49,623 INFO o.a.j.p.h.s.HTTPSamplerBase: Parser for text/html is org.apache.jmeter.protocol.http.parser.LagartoBasedHtmlParser
2023-06-22 13:32:49,623 INFO o.a.j.p.h.s.HTTPSamplerBase: Parser for application/xhtml+xml is org.apache.jmeter.protocol.http.parser.LagartoBasedHtmlParser
2023-06-22 13:32:49,623 INFO o.a.j.p.h.s.HTTPSamplerBase: Parser for application/xml is org.apache.jmeter.protocol.http.parser.LagartoBasedHtmlParser
2023-06-22 13:32:49,623 INFO o.a.j.p.h.s.HTTPSamplerBase: Parser for text/xml is org.apache.jmeter.protocol.http.parser.LagartoBasedHtmlParser
2023-06-22 13:32:49,623 INFO o.a.j.p.h.s.HTTPSamplerBase: Parser for text/vnd.wap.wml is org.apache.jmeter.protocol.http.parser.RegexpHTMLParser
2023-06-22 13:32:49,623 INFO o.a.j.p.h.s.HTTPSamplerBase: Parser for text/css is org.apache.jmeter.protocol.http.parser.CssParser
2023-06-22 13:32:49,648 INFO o.a.j.e.StandardJMeterEngine: Running the test!
2023-06-22 13:32:49,648 INFO o.a.j.s.SampleEvent: List of sample_variables: []
2023-06-22 13:32:49,648 INFO o.a.j.s.SampleEvent: List of sample_variables: []
2023-06-22 13:32:49,652 INFO o.a.j.e.u.CompoundVariable: Note: Function class names must contain the string: '.functions.'
2023-06-22 13:32:49,652 INFO o.a.j.e.u.CompoundVariable: Note: Function class names must not contain the string: '.gui.'
2023-06-22 13:32:49,884 INFO o.a.j.JMeter: Running test (1687433569884)
2023-06-22 13:32:49,904 INFO o.a.j.e.StandardJMeterEngine: Starting ThreadGroup: 1 : Pokemons for ability
2023-06-22 13:32:49,905 INFO o.a.j.e.StandardJMeterEngine: Starting 5 threads for group Pokemons for ability.
2023-06-22 13:32:49,905 INFO o.a.j.e.StandardJMeterEngine: Thread will continue on error
2023-06-22 13:32:49,905 INFO o.a.j.t.ThreadGroup: Starting thread group... number=1 threads=5 ramp-up=0 delayedStart=false
2023-06-22 13:32:49,909 INFO o.a.j.t.ThreadGroup: Started thread group number 1
2023-06-22 13:32:49,909 INFO o.a.j.e.StandardJMeterEngine: All thread groups have been started
2023-06-22 13:32:49,935 INFO o.a.j.t.JMeterThread: Thread started: Pokemons for ability 1-3
2023-06-22 13:32:49,935 INFO o.a.j.t.JMeterThread: Thread started: Pokemons for ability 1-2
2023-06-22 13:32:49,935 INFO o.a.j.t.JMeterThread: Thread started: Pokemons for ability 1-5
2023-06-22 13:32:49,935 INFO o.a.j.t.JMeterThread: Thread started: Pokemons for ability 1-4
2023-06-22 13:32:49,935 INFO o.a.j.t.JMeterThread: Thread started: Pokemons for ability 1-1
2023-06-22 13:32:49,936 INFO o.a.j.s.FileServer: Stored: C:/Users/Holacons/source/VuelingQA/jMeter/pokemonApi/data.csv
2023-06-22 13:32:49,951 INFO o.a.j.p.h.s.HTTPHCAbstractImpl: Local host = anahiP-SBT6U05
2023-06-22 13:32:49,955 INFO o.a.j.p.h.s.HTTPHC4Impl: HTTP request retry count = 0
2023-06-22 13:32:49,956 INFO o.a.j.s.SampleResult: Note: Sample TimeStamps are START times
2023-06-22 13:32:49,956 INFO o.a.j.s.SampleResult: sampleresult.default.encoding is set to UTF-8
2023-06-22 13:32:49,956 INFO o.a.j.s.SampleResult: sampleresult.useNanoTime=true
2023-06-22 13:32:49,956 INFO o.a.j.s.SampleResult: sampleresult.nanoThreadSleep=5000
2023-06-22 13:32:50,017 INFO o.a.j.p.h.s.h.LazyLayeredConnectionSocketFactory: Setting up HTTPS TrustAll Socket Factory
2023-06-22 13:32:50,021 INFO o.a.j.u.JsseSSLManager: Using default SSL protocol: TLS
2023-06-22 13:32:50,021 INFO o.a.j.u.JsseSSLManager: SSL session context: per-thread
2023-06-22 13:32:51,641 INFO o.a.j.u.SSLManager: JmeterKeyStore Location:  type JKS
2023-06-22 13:32:51,644 INFO o.a.j.u.SSLManager: KeyStore created OK
2023-06-22 13:32:51,644 WARN o.a.j.u.SSLManager: Keystore file not found, loading empty keystore
2023-06-22 13:33:19,908 INFO o.a.j.t.JMeterThread: Stopping because end time detected by thread: Pokemons for ability 1-3
2023-06-22 13:33:19,908 INFO o.a.j.t.JMeterThread: Thread finished: Pokemons for ability 1-3
2023-06-22 13:33:19,925 INFO o.a.j.t.JMeterThread: Stopping because end time detected by thread: Pokemons for ability 1-2
2023-06-22 13:33:19,925 INFO o.a.j.t.JMeterThread: Thread finished: Pokemons for ability 1-2
2023-06-22 13:33:19,925 INFO o.a.j.t.JMeterThread: Stopping because end time detected by thread: Pokemons for ability 1-5
2023-06-22 13:33:19,925 INFO o.a.j.t.JMeterThread: Thread finished: Pokemons for ability 1-5
2023-06-22 13:33:19,940 INFO o.a.j.t.JMeterThread: Stopping because end time detected by thread: Pokemons for ability 1-4
2023-06-22 13:33:19,940 INFO o.a.j.t.JMeterThread: Thread finished: Pokemons for ability 1-4
2023-06-22 13:33:19,956 INFO o.a.j.t.JMeterThread: Stopping because end time detected by thread: Pokemons for ability 1-1
2023-06-22 13:33:19,956 INFO o.a.j.t.JMeterThread: Thread finished: Pokemons for ability 1-1
2023-06-22 13:33:19,956 INFO o.a.j.e.StandardJMeterEngine: Notifying test listeners of end of test
2023-06-22 13:33:19,956 INFO o.a.j.s.FileServer: Close: C:/Users/Holacons/source/VuelingQA/jMeter/pokemonApi/data.csv
2023-06-22 13:33:19,972 INFO o.a.j.e.StandardJMeterEngine: Forced JVM shutdown requested at end of test
